[ 2013-02-22T12:40:43+08:00 ] SQL:  RunTime:0.005198s SQL = SHOW COLUMNS FROM contact
[ 2013-02-22T12:40:43+08:00 ] SQL:  RunTime:0.000483s SQL = SELECT * FROM `contact`
[ 2013-02-22T12:40:43+08:00 ] SQL:  RunTime:0.004785s SQL = SHOW COLUMNS FROM registrant
[ 2013-02-22T12:40:43+08:00 ] SQL:  RunTime:0.001028s SQL = INSERT INTO `registrant` (`occupation`,`name`,`gender`,`password`,`email`,`organization`,`address`,`zipcode`,`phone`,`fax`,`report`,`arrivaldate`,`departuredate`,`book`,`single`) VALUES ('教授','1','男','1','1','1','1','1','1','1','是','12-1','1-1','是','是')
[ 2013-02-22T12:41:10+08:00 ] SQL:  RunTime:0.004101s SQL = SHOW COLUMNS FROM contact
[ 2013-02-22T12:41:10+08:00 ] SQL:  RunTime:0.000541s SQL = SELECT * FROM `contact`
[ 2013-02-22T12:41:10+08:00 ] SQL:  RunTime:0.004610s SQL = SHOW COLUMNS FROM registrant
[ 2013-02-22T12:41:10+08:00 ] SQL:  RunTime:0.002824s SQL = INSERT INTO `registrant` (`occupation`,`name`,`gender`,`password`,`email`,`organization`,`address`,`zipcode`,`phone`,`fax`,`report`,`arrivaldate`,`departuredate`,`book`,`single`) VALUES ('教授','1','男','1','1','1','1','1','1','1','是','12-1','1-1','是','是')
[ 2013-02-22T12:41:52+08:00 ] SQL:  RunTime:0.006837s SQL = SHOW COLUMNS FROM contact
[ 2013-02-22T12:41:52+08:00 ] SQL:  RunTime:0.000447s SQL = SELECT * FROM `contact`
[ 2013-02-22T12:41:52+08:00 ] NOTIC: [8] Undefined variable: menu 773eec91f1a7fe25a22a89315ba4946d.php 第 15 行.
[ 2013-02-22T12:41:52+08:00 ] NOTIC: [8] Undefined variable: menu 773eec91f1a7fe25a22a89315ba4946d.php 第 19 行.
[ 2013-02-22T12:41:52+08:00 ] NOTIC: [8] Undefined variable: menu 773eec91f1a7fe25a22a89315ba4946d.php 第 23 行.
[ 2013-02-22T12:41:52+08:00 ] NOTIC: [8] Undefined variable: menu 773eec91f1a7fe25a22a89315ba4946d.php 第 27 行.
[ 2013-02-22T12:41:52+08:00 ] NOTIC: [8] Undefined variable: menu 773eec91f1a7fe25a22a89315ba4946d.php 第 31 行.
[ 2013-02-22T12:41:52+08:00 ] NOTIC: [8] Undefined variable: menu 773eec91f1a7fe25a22a89315ba4946d.php 第 35 行.
[ 2013-02-22T12:41:52+08:00 ] NOTIC: [8] Undefined variable: menu 773eec91f1a7fe25a22a89315ba4946d.php 第 39 行.
[ 2013-02-22T12:41:52+08:00 ] NOTIC: [8] Undefined variable: menu 773eec91f1a7fe25a22a89315ba4946d.php 第 43 行.
[ 2013-02-22T12:41:52+08:00 ] NOTIC: [8] Undefined variable: menu 773eec91f1a7fe25a22a89315ba4946d.php 第 47 行.
[ 2013-02-22T12:42:07+08:00 ] SQL:  RunTime:0.005724s SQL = SHOW COLUMNS FROM contact
[ 2013-02-22T12:42:07+08:00 ] SQL:  RunTime:0.000624s SQL = SELECT * FROM `contact`
[ 2013-02-22T12:42:07+08:00 ] SQL:  RunTime:0.005731s SQL = SHOW COLUMNS FROM registrant
[ 2013-02-22T12:42:08+08:00 ] SQL:  RunTime:0.036034s SQL = INSERT INTO `registrant` (`occupation`,`name`,`gender`,`password`,`email`,`organization`,`address`,`zipcode`,`phone`,`fax`,`report`,`book`,`single`,`special`,`arrivaldate`,`departuredate`) VALUES ('教授','1','男','1','1','1','1','11','1','1','是','是','是','','1-2','1-1')
[ 2013-02-22T12:42:08+08:00 ] NOTIC: [8] Undefined variable: menu 3c7f66e7edda6412d0ac98cfdb5bdebc.php 第 16 行.
[ 2013-02-22T12:42:08+08:00 ] NOTIC: [8] Undefined variable: menu 3c7f66e7edda6412d0ac98cfdb5bdebc.php 第 20 行.
[ 2013-02-22T12:42:08+08:00 ] NOTIC: [8] Undefined variable: menu 3c7f66e7edda6412d0ac98cfdb5bdebc.php 第 24 行.
[ 2013-02-22T12:42:08+08:00 ] NOTIC: [8] Undefined variable: menu 3c7f66e7edda6412d0ac98cfdb5bdebc.php 第 28 行.
[ 2013-02-22T12:42:08+08:00 ] NOTIC: [8] Undefined variable: menu 3c7f66e7edda6412d0ac98cfdb5bdebc.php 第 32 行.
[ 2013-02-22T12:42:08+08:00 ] NOTIC: [8] Undefined variable: menu 3c7f66e7edda6412d0ac98cfdb5bdebc.php 第 36 行.
[ 2013-02-22T12:42:08+08:00 ] NOTIC: [8] Undefined variable: menu 3c7f66e7edda6412d0ac98cfdb5bdebc.php 第 40 行.
[ 2013-02-22T12:42:08+08:00 ] NOTIC: [8] Undefined variable: menu 3c7f66e7edda6412d0ac98cfdb5bdebc.php 第 44 行.
[ 2013-02-22T12:42:08+08:00 ] NOTIC: [8] Undefined variable: menu 3c7f66e7edda6412d0ac98cfdb5bdebc.php 第 48 行.
[ 2013-02-22T12:42:11+08:00 ] SQL:  RunTime:0.004780s SQL = SHOW COLUMNS FROM contact
[ 2013-02-22T12:42:11+08:00 ] SQL:  RunTime:0.000442s SQL = SELECT * FROM `contact`
[ 2013-02-22T12:42:11+08:00 ] NOTIC: [8] Undefined variable: menu 773eec91f1a7fe25a22a89315ba4946d.php 第 15 行.
[ 2013-02-22T12:42:11+08:00 ] NOTIC: [8] Undefined variable: menu 773eec91f1a7fe25a22a89315ba4946d.php 第 19 行.
[ 2013-02-22T12:42:11+08:00 ] NOTIC: [8] Undefined variable: menu 773eec91f1a7fe25a22a89315ba4946d.php 第 23 行.
[ 2013-02-22T12:42:11+08:00 ] NOTIC: [8] Undefined variable: menu 773eec91f1a7fe25a22a89315ba4946d.php 第 27 行.
[ 2013-02-22T12:42:11+08:00 ] NOTIC: [8] Undefined variable: menu 773eec91f1a7fe25a22a89315ba4946d.php 第 31 行.
[ 2013-02-22T12:42:11+08:00 ] NOTIC: [8] Undefined variable: menu 773eec91f1a7fe25a22a89315ba4946d.php 第 35 行.
[ 2013-02-22T12:42:11+08:00 ] NOTIC: [8] Undefined variable: menu 773eec91f1a7fe25a22a89315ba4946d.php 第 39 行.
[ 2013-02-22T12:42:11+08:00 ] NOTIC: [8] Undefined variable: menu 773eec91f1a7fe25a22a89315ba4946d.php 第 43 行.
[ 2013-02-22T12:42:11+08:00 ] NOTIC: [8] Undefined variable: menu 773eec91f1a7fe25a22a89315ba4946d.php 第 47 行.
[ 2013-02-22T12:42:45+08:00 ] SQL:  RunTime:0.003925s SQL = SHOW COLUMNS FROM contact
[ 2013-02-22T12:42:45+08:00 ] SQL:  RunTime:0.000474s SQL = SELECT * FROM `contact`
[ 2013-02-22T12:42:45+08:00 ] NOTIC: [8] Undefined variable: menu 773eec91f1a7fe25a22a89315ba4946d.php 第 15 行.
[ 2013-02-22T12:42:45+08:00 ] NOTIC: [8] Undefined variable: menu 773eec91f1a7fe25a22a89315ba4946d.php 第 19 行.
[ 2013-02-22T12:42:45+08:00 ] NOTIC: [8] Undefined variable: menu 773eec91f1a7fe25a22a89315ba4946d.php 第 23 行.
[ 2013-02-22T12:42:45+08:00 ] NOTIC: [8] Undefined variable: menu 773eec91f1a7fe25a22a89315ba4946d.php 第 27 行.
[ 2013-02-22T12:42:45+08:00 ] NOTIC: [8] Undefined variable: menu 773eec91f1a7fe25a22a89315ba4946d.php 第 31 行.
[ 2013-02-22T12:42:45+08:00 ] NOTIC: [8] Undefined variable: menu 773eec91f1a7fe25a22a89315ba4946d.php 第 35 行.
[ 2013-02-22T12:42:45+08:00 ] NOTIC: [8] Undefined variable: menu 773eec91f1a7fe25a22a89315ba4946d.php 第 39 行.
[ 2013-02-22T12:42:45+08:00 ] NOTIC: [8] Undefined variable: menu 773eec91f1a7fe25a22a89315ba4946d.php 第 43 行.
[ 2013-02-22T12:42:45+08:00 ] NOTIC: [8] Undefined variable: menu 773eec91f1a7fe25a22a89315ba4946d.php 第 47 行.
[ 2013-02-22T12:42:47+08:00 ] SQL:  RunTime:0.005474s SQL = SHOW COLUMNS FROM contact
[ 2013-02-22T12:42:47+08:00 ] SQL:  RunTime:0.000498s SQL = SELECT * FROM `contact`
[ 2013-02-22T12:42:47+08:00 ] SQL:  RunTime:0.004900s SQL = SHOW COLUMNS FROM accommodation
[ 2013-02-22T12:42:47+08:00 ] SQL:  RunTime:0.000462s SQL = SELECT * FROM `accommodation`
[ 2013-02-22T12:42:47+08:00 ] NOTIC: [8] Undefined variable: menu 3afa68f689289fe44fa58c936b0dc5e2.php 第 15 行.
[ 2013-02-22T12:42:47+08:00 ] NOTIC: [8] Undefined variable: menu 3afa68f689289fe44fa58c936b0dc5e2.php 第 19 行.
[ 2013-02-22T12:42:47+08:00 ] NOTIC: [8] Undefined variable: menu 3afa68f689289fe44fa58c936b0dc5e2.php 第 23 行.
[ 2013-02-22T12:42:47+08:00 ] NOTIC: [8] Undefined variable: menu 3afa68f689289fe44fa58c936b0dc5e2.php 第 27 行.
[ 2013-02-22T12:42:47+08:00 ] NOTIC: [8] Undefined variable: menu 3afa68f689289fe44fa58c936b0dc5e2.php 第 31 行.
[ 2013-02-22T12:42:47+08:00 ] NOTIC: [8] Undefined variable: menu 3afa68f689289fe44fa58c936b0dc5e2.php 第 35 行.
[ 2013-02-22T12:42:47+08:00 ] NOTIC: [8] Undefined variable: menu 3afa68f689289fe44fa58c936b0dc5e2.php 第 39 行.
[ 2013-02-22T12:42:47+08:00 ] NOTIC: [8] Undefined variable: menu 3afa68f689289fe44fa58c936b0dc5e2.php 第 43 行.
[ 2013-02-22T12:42:47+08:00 ] NOTIC: [8] Undefined variable: menu 3afa68f689289fe44fa58c936b0dc5e2.php 第 47 行.
[ 2013-02-22T12:42:47+08:00 ] ERR: (ThinkException) 无法加载模块fadsfds
[ 2013-02-22T12:42:50+08:00 ] SQL:  RunTime:0.005180s SQL = SHOW COLUMNS FROM contact
[ 2013-02-22T12:42:50+08:00 ] SQL:  RunTime:0.000506s SQL = SELECT * FROM `contact`
[ 2013-02-22T12:42:50+08:00 ] SQL:  RunTime:0.004192s SQL = SHOW COLUMNS FROM invitedspeaker
[ 2013-02-22T12:42:50+08:00 ] NOTIC: [8] Undefined variable: cond InvitedSpeakerAction.class.php 第 4 行.
[ 2013-02-22T12:42:50+08:00 ] SQL:  RunTime:0.000596s SQL = SELECT * FROM `invitedspeaker` ORDER BY rank
[ 2013-02-22T12:42:50+08:00 ] NOTIC: [8] Undefined variable: menu aa5d53a8382c082937b705cc9da7aea8.php 第 15 行.
[ 2013-02-22T12:42:50+08:00 ] NOTIC: [8] Undefined variable: menu aa5d53a8382c082937b705cc9da7aea8.php 第 19 行.
[ 2013-02-22T12:42:50+08:00 ] NOTIC: [8] Undefined variable: menu aa5d53a8382c082937b705cc9da7aea8.php 第 23 行.
[ 2013-02-22T12:42:50+08:00 ] NOTIC: [8] Undefined variable: menu aa5d53a8382c082937b705cc9da7aea8.php 第 27 行.
[ 2013-02-22T12:42:50+08:00 ] NOTIC: [8] Undefined variable: menu aa5d53a8382c082937b705cc9da7aea8.php 第 31 行.
[ 2013-02-22T12:42:50+08:00 ] NOTIC: [8] Undefined variable: menu aa5d53a8382c082937b705cc9da7aea8.php 第 35 行.
[ 2013-02-22T12:42:50+08:00 ] NOTIC: [8] Undefined variable: menu aa5d53a8382c082937b705cc9da7aea8.php 第 39 行.
[ 2013-02-22T12:42:50+08:00 ] NOTIC: [8] Undefined variable: menu aa5d53a8382c082937b705cc9da7aea8.php 第 43 行.
[ 2013-02-22T12:42:50+08:00 ] NOTIC: [8] Undefined variable: menu aa5d53a8382c082937b705cc9da7aea8.php 第 47 行.
[ 2013-02-22T12:42:51+08:00 ] SQL:  RunTime:0.004004s SQL = SHOW COLUMNS FROM contact
[ 2013-02-22T12:42:51+08:00 ] SQL:  RunTime:0.000464s SQL = SELECT * FROM `contact`
[ 2013-02-22T12:42:51+08:00 ] SQL:  RunTime:0.004995s SQL = SHOW COLUMNS FROM committee
[ 2013-02-22T12:42:51+08:00 ] SQL:  RunTime:0.000526s SQL = SELECT * FROM `committee` WHERE ( `type` = 'org' ) ORDER BY rank
[ 2013-02-22T12:42:52+08:00 ] NOTIC: [8] Undefined variable: menu 0654242d533f35efce97dfeea16dbc06.php 第 15 行.
[ 2013-02-22T12:42:52+08:00 ] NOTIC: [8] Undefined variable: menu 0654242d533f35efce97dfeea16dbc06.php 第 19 行.
[ 2013-02-22T12:42:52+08:00 ] NOTIC: [8] Undefined variable: menu 0654242d533f35efce97dfeea16dbc06.php 第 23 行.
[ 2013-02-22T12:42:52+08:00 ] NOTIC: [8] Undefined variable: menu 0654242d533f35efce97dfeea16dbc06.php 第 27 行.
[ 2013-02-22T12:42:52+08:00 ] NOTIC: [8] Undefined variable: menu 0654242d533f35efce97dfeea16dbc06.php 第 31 行.
[ 2013-02-22T12:42:52+08:00 ] NOTIC: [8] Undefined variable: menu 0654242d533f35efce97dfeea16dbc06.php 第 35 行.
[ 2013-02-22T12:42:52+08:00 ] NOTIC: [8] Undefined variable: menu 0654242d533f35efce97dfeea16dbc06.php 第 39 行.
[ 2013-02-22T12:42:52+08:00 ] NOTIC: [8] Undefined variable: menu 0654242d533f35efce97dfeea16dbc06.php 第 43 行.
[ 2013-02-22T12:42:52+08:00 ] NOTIC: [8] Undefined variable: menu 0654242d533f35efce97dfeea16dbc06.php 第 47 行.
[ 2013-02-22T12:42:52+08:00 ] SQL:  RunTime:0.006069s SQL = SHOW COLUMNS FROM contact
[ 2013-02-22T12:42:52+08:00 ] SQL:  RunTime:0.000457s SQL = SELECT * FROM `contact`
[ 2013-02-22T12:42:52+08:00 ] SQL:  RunTime:0.004817s SQL = SHOW COLUMNS FROM committee
[ 2013-02-22T12:42:52+08:00 ] SQL:  RunTime:0.000514s SQL = SELECT * FROM `committee` WHERE ( `type` = 'exe' ) ORDER BY rank
[ 2013-02-22T12:42:52+08:00 ] NOTIC: [8] Undefined variable: menu 0654242d533f35efce97dfeea16dbc06.php 第 15 行.
[ 2013-02-22T12:42:52+08:00 ] NOTIC: [8] Undefined variable: menu 0654242d533f35efce97dfeea16dbc06.php 第 19 行.
[ 2013-02-22T12:42:52+08:00 ] NOTIC: [8] Undefined variable: menu 0654242d533f35efce97dfeea16dbc06.php 第 23 行.
[ 2013-02-22T12:42:52+08:00 ] NOTIC: [8] Undefined variable: menu 0654242d533f35efce97dfeea16dbc06.php 第 27 行.
[ 2013-02-22T12:42:52+08:00 ] NOTIC: [8] Undefined variable: menu 0654242d533f35efce97dfeea16dbc06.php 第 31 行.
[ 2013-02-22T12:42:52+08:00 ] NOTIC: [8] Undefined variable: menu 0654242d533f35efce97dfeea16dbc06.php 第 35 行.
[ 2013-02-22T12:42:52+08:00 ] NOTIC: [8] Undefined variable: menu 0654242d533f35efce97dfeea16dbc06.php 第 39 行.
[ 2013-02-22T12:42:52+08:00 ] NOTIC: [8] Undefined variable: menu 0654242d533f35efce97dfeea16dbc06.php 第 43 行.
[ 2013-02-22T12:42:52+08:00 ] NOTIC: [8] Undefined variable: menu 0654242d533f35efce97dfeea16dbc06.php 第 47 行.
[ 2013-02-22T12:42:54+08:00 ] SQL:  RunTime:0.004530s SQL = SHOW COLUMNS FROM contact
[ 2013-02-22T12:42:54+08:00 ] SQL:  RunTime:0.000539s SQL = SELECT * FROM `contact`
[ 2013-02-22T12:42:54+08:00 ] SQL:  RunTime:0.004835s SQL = SHOW COLUMNS FROM committee
[ 2013-02-22T12:42:54+08:00 ] SQL:  RunTime:0.000569s SQL = SELECT * FROM `committee` WHERE ( `type` = 'sci' ) ORDER BY rank
[ 2013-02-22T12:42:54+08:00 ] NOTIC: [8] Undefined variable: menu 0654242d533f35efce97dfeea16dbc06.php 第 15 行.
[ 2013-02-22T12:42:54+08:00 ] NOTIC: [8] Undefined variable: menu 0654242d533f35efce97dfeea16dbc06.php 第 19 行.
[ 2013-02-22T12:42:54+08:00 ] NOTIC: [8] Undefined variable: menu 0654242d533f35efce97dfeea16dbc06.php 第 23 行.
[ 2013-02-22T12:42:54+08:00 ] NOTIC: [8] Undefined variable: menu 0654242d533f35efce97dfeea16dbc06.php 第 27 行.
[ 2013-02-22T12:42:54+08:00 ] NOTIC: [8] Undefined variable: menu 0654242d533f35efce97dfeea16dbc06.php 第 31 行.
[ 2013-02-22T12:42:54+08:00 ] NOTIC: [8] Undefined variable: menu 0654242d533f35efce97dfeea16dbc06.php 第 35 行.
[ 2013-02-22T12:42:54+08:00 ] NOTIC: [8] Undefined variable: menu 0654242d533f35efce97dfeea16dbc06.php 第 39 行.
[ 2013-02-22T12:42:54+08:00 ] NOTIC: [8] Undefined variable: menu 0654242d533f35efce97dfeea16dbc06.php 第 43 行.
[ 2013-02-22T12:42:54+08:00 ] NOTIC: [8] Undefined variable: menu 0654242d533f35efce97dfeea16dbc06.php 第 47 行.
[ 2013-02-22T12:42:55+08:00 ] SQL:  RunTime:0.004961s SQL = SHOW COLUMNS FROM contact
[ 2013-02-22T12:42:55+08:00 ] SQL:  RunTime:0.000477s SQL = SELECT * FROM `contact`
[ 2013-02-22T12:42:55+08:00 ] SQL:  RunTime:0.003934s SQL = SHOW COLUMNS FROM home
[ 2013-02-22T12:42:55+08:00 ] SQL:  RunTime:0.000409s SQL = SELECT * FROM `home`
[ 2013-02-22T12:42:55+08:00 ] NOTIC: [8] Undefined variable: menu a25fef741f8d254e6b148f2e673709b4.php 第 16 行.
[ 2013-02-22T12:42:55+08:00 ] NOTIC: [8] Undefined variable: menu a25fef741f8d254e6b148f2e673709b4.php 第 20 行.
[ 2013-02-22T12:42:55+08:00 ] NOTIC: [8] Undefined variable: menu a25fef741f8d254e6b148f2e673709b4.php 第 24 行.
[ 2013-02-22T12:42:55+08:00 ] NOTIC: [8] Undefined variable: menu a25fef741f8d254e6b148f2e673709b4.php 第 28 行.
[ 2013-02-22T12:42:55+08:00 ] NOTIC: [8] Undefined variable: menu a25fef741f8d254e6b148f2e673709b4.php 第 32 行.
[ 2013-02-22T12:42:55+08:00 ] NOTIC: [8] Undefined variable: menu a25fef741f8d254e6b148f2e673709b4.php 第 36 行.
[ 2013-02-22T12:42:55+08:00 ] NOTIC: [8] Undefined variable: menu a25fef741f8d254e6b148f2e673709b4.php 第 40 行.
[ 2013-02-22T12:42:55+08:00 ] NOTIC: [8] Undefined variable: menu a25fef741f8d254e6b148f2e673709b4.php 第 44 行.
[ 2013-02-22T12:42:55+08:00 ] NOTIC: [8] Undefined variable: menu a25fef741f8d254e6b148f2e673709b4.php 第 48 行.
[ 2013-02-22T12:42:59+08:00 ] SQL:  RunTime:0.004114s SQL = SHOW COLUMNS FROM contact
[ 2013-02-22T12:42:59+08:00 ] SQL:  RunTime:0.000495s SQL = SELECT * FROM `contact`
[ 2013-02-22T12:42:59+08:00 ] SQL:  RunTime:0.007670s SQL = SHOW COLUMNS FROM venue
[ 2013-02-22T12:42:59+08:00 ] SQL:  RunTime:0.000444s SQL = SELECT * FROM `venue`
[ 2013-02-22T12:42:59+08:00 ] NOTIC: [8] Undefined variable: menu e13265b3b2668af68445c16d315bed97.php 第 15 行.
[ 2013-02-22T12:42:59+08:00 ] NOTIC: [8] Undefined variable: menu e13265b3b2668af68445c16d315bed97.php 第 19 行.
[ 2013-02-22T12:42:59+08:00 ] NOTIC: [8] Undefined variable: menu e13265b3b2668af68445c16d315bed97.php 第 23 行.
[ 2013-02-22T12:42:59+08:00 ] NOTIC: [8] Undefined variable: menu e13265b3b2668af68445c16d315bed97.php 第 27 行.
[ 2013-02-22T12:42:59+08:00 ] NOTIC: [8] Undefined variable: menu e13265b3b2668af68445c16d315bed97.php 第 31 行.
[ 2013-02-22T12:42:59+08:00 ] NOTIC: [8] Undefined variable: menu e13265b3b2668af68445c16d315bed97.php 第 35 行.
[ 2013-02-22T12:42:59+08:00 ] NOTIC: [8] Undefined variable: menu e13265b3b2668af68445c16d315bed97.php 第 39 行.
[ 2013-02-22T12:42:59+08:00 ] NOTIC: [8] Undefined variable: menu e13265b3b2668af68445c16d315bed97.php 第 43 行.
[ 2013-02-22T12:42:59+08:00 ] NOTIC: [8] Undefined variable: menu e13265b3b2668af68445c16d315bed97.php 第 47 行.
[ 2013-02-22T12:42:59+08:00 ] ERR: (ThinkException) 无法加载模块fdskaf
[ 2013-02-22T12:43:16+08:00 ] SQL:  RunTime:0.003888s SQL = SHOW COLUMNS FROM contact
[ 2013-02-22T12:43:16+08:00 ] SQL:  RunTime:0.000449s SQL = SELECT * FROM `contact`
[ 2013-02-22T12:43:16+08:00 ] SQL:  RunTime:0.004312s SQL = SHOW COLUMNS FROM venue
[ 2013-02-22T12:43:16+08:00 ] SQL:  RunTime:0.000433s SQL = SELECT * FROM `venue`
[ 2013-02-22T12:43:16+08:00 ] NOTIC: [8] Undefined variable: menu e13265b3b2668af68445c16d315bed97.php 第 15 行.
[ 2013-02-22T12:43:16+08:00 ] NOTIC: [8] Undefined variable: menu e13265b3b2668af68445c16d315bed97.php 第 19 行.
[ 2013-02-22T12:43:16+08:00 ] NOTIC: [8] Undefined variable: menu e13265b3b2668af68445c16d315bed97.php 第 23 行.
[ 2013-02-22T12:43:16+08:00 ] NOTIC: [8] Undefined variable: menu e13265b3b2668af68445c16d315bed97.php 第 27 行.
[ 2013-02-22T12:43:16+08:00 ] NOTIC: [8] Undefined variable: menu e13265b3b2668af68445c16d315bed97.php 第 31 行.
[ 2013-02-22T12:43:16+08:00 ] NOTIC: [8] Undefined variable: menu e13265b3b2668af68445c16d315bed97.php 第 35 行.
[ 2013-02-22T12:43:16+08:00 ] NOTIC: [8] Undefined variable: menu e13265b3b2668af68445c16d315bed97.php 第 39 行.
[ 2013-02-22T12:43:16+08:00 ] NOTIC: [8] Undefined variable: menu e13265b3b2668af68445c16d315bed97.php 第 43 行.
[ 2013-02-22T12:43:16+08:00 ] NOTIC: [8] Undefined variable: menu e13265b3b2668af68445c16d315bed97.php 第 47 行.
[ 2013-02-22T12:43:16+08:00 ] ERR: (ThinkException) 无法加载模块fdskaf
[ 2013-02-22T12:43:39+08:00 ] ERR: (ThinkException) 无法加载模块fdskaf
[ 2013-02-22T12:43:42+08:00 ] ERR: (ThinkException) 无法加载模块fdskaf
[ 2013-02-22T12:43:44+08:00 ] ERR: (ThinkException) 无法加载模块fadsfds
